c:\_projects\cpp\lighting\debug\vc141.pdb
c:\_projects\cpp\lighting\debug\vc141.idb
c:\_projects\cpp\lighting\debug\main.obj
c:\_projects\cpp\lighting\debug\camera.obj
c:\_projects\cpp\lighting\debug\glad.obj
c:\_projects\cpp\lighting\debug\lighting.pdb
c:\_projects\cpp\lighting\debug\lighting.tlog\cl.command.1.tlog
c:\_projects\cpp\lighting\debug\lighting.tlog\cl.read.1.tlog
c:\_projects\cpp\lighting\debug\lighting.tlog\cl.write.1.tlog
c:\_projects\cpp\lighting\debug\lighting.tlog\link-cvtres.read.1.tlog
c:\_projects\cpp\lighting\debug\lighting.tlog\link-cvtres.write.1.tlog
c:\_projects\cpp\lighting\debug\lighting.tlog\link-rc.read.1.tlog
c:\_projects\cpp\lighting\debug\lighting.tlog\link-rc.write.1.tlog
c:\_projects\cpp\lighting\debug\lighting.tlog\link.211444-cvtres.read.1.tlog
c:\_projects\cpp\lighting\debug\lighting.tlog\link.211444-cvtres.write.1.tlog
c:\_projects\cpp\lighting\debug\lighting.tlog\link.211444-rc.read.1.tlog
c:\_projects\cpp\lighting\debug\lighting.tlog\link.211444-rc.write.1.tlog
c:\_projects\cpp\lighting\debug\lighting.tlog\link.211444.read.1.tlog
c:\_projects\cpp\lighting\debug\lighting.tlog\link.211444.write.1.tlog
c:\_projects\cpp\lighting\debug\lighting.tlog\link.command.1.tlog
c:\_projects\cpp\lighting\debug\lighting.tlog\link.read.1.tlog
c:\_projects\cpp\lighting\debug\lighting.tlog\link.write.1.tlog
